[04Jan2025 00:02:56.873] [Server thread/INFO] [net.minecraft.server.MinecraftServer/]: xentros10000 has reached the goal [You Need a Mint]
[04Jan2025 00:04:03.866] [Server thread/INFO] [net.minecraft.server.MinecraftServer/]: [xentros10000: Teleported xentros10000 to 1892.500000, 76.500000, 3020.500000]
[04Jan2025 00:07:23.618] [Server thread/INFO] [net.minecraft.server.MinecraftServer/]: [xentros10000: Teleported xentros10000 to 1654.500000, 89.500000, 2840.500000]
[04Jan2025 00:07:43.831] [Server thread/INFO] [net.minecraft.server.MinecraftServer/]: [xentros10000: Teleported xentros10000 to -318.500000, 67.500000, -666.500000]
[04Jan2025 00:10:05.426] [Server thread/INFO] [net.minecraft.server.MinecraftServer/]: [xentros10000: Teleported JUAN_D to xentros10000]
[04Jan2025 00:19:40.952] [Server thread/INFO] [net.minecraft.server.network.ServerGamePacketListenerImpl/]: JUAN_D lost connection: Disconnected
[04Jan2025 00:19:40.953] [Server thread/INFO] [net.minecraft.server.MinecraftServer/]: JUAN_D left the game
[04Jan2025 00:23:25.555] [Server thread/INFO] [net.minecraft.server.players.PlayerList/]: JUAN_D[/100.101.75.56:57739] logged in with entity id 182944 at (-317.08723106443256, 69.0, -613.1070719411541)
[04Jan2025 00:23:25.577] [Server thread/INFO] [net.minecraft.server.MinecraftServer/]: JUAN_D joined the game
[04Jan2025 00:23:25.647] [Server thread/INFO] [Jade/]: Syncing config to JUAN_D (981de7bf-aff5-3ebe-9eb2-5b5f7c8f79c4)
[04Jan2025 00:26:57.896] [Server thread/INFO] [net.minecraft.server.MinecraftServer/]: JUAN_D was shot by xentros10000
[04Jan2025 00:26:57.904] [Server thread/INFO] [tombstone/]: The player JUAN_D has successfully been saved
[04Jan2025 00:29:36.653] [Server thread/INFO] [net.minecraft.server.MinecraftServer/]: JUAN_D was shot by xentros10000
[04Jan2025 00:29:36.660] [Server thread/INFO] [tombstone/]: The player JUAN_D has successfully been saved
[04Jan2025 00:31:25.622] [Server thread/INFO] [net.minecraft.server.MinecraftServer/]: xentros10000 was slain by JUAN_D using [Polearm]
[04Jan2025 00:31:25.628] [Server thread/INFO] [tombstone/]: The player xentros10000 has successfully been saved
[04Jan2025 00:31:29.797] [Server thread/INFO] [net.minecraft.server.MinecraftServer/]: JUAN_D drowned whilst trying to escape xentros10000
[04Jan2025 00:31:29.801] [Server thread/INFO] [tombstone/]: The player JUAN_D has successfully been saved
[04Jan2025 00:33:51.998] [Server thread/INFO] [net.minecraft.server.MinecraftServer/]: JUAN_D was shot by xentros10000
[04Jan2025 00:33:52.005] [Server thread/INFO] [tombstone/]: The player JUAN_D has successfully been saved
[04Jan2025 00:38:21.042] [Server thread/WARN] [net.minecraft.server.network.ServerGamePacketListenerImpl/]: JUAN_D moved wrongly!
[04Jan2025 00:40:35.051] [Server thread/INFO] [net.minecraft.server.MinecraftServer/]: JUAN_D has completed the challenge [Village Defender]
[04Jan2025 00:40:49.131] [Server thread/INFO] [net.minecraft.server.MinecraftServer/]: xentros10000 has completed the challenge [Hero of the Village]
[04Jan2025 00:41:11.098] [Server thread/INFO] [net.minecraft.server.MinecraftServer/]: JUAN_D was killed trying to hurt xentros10000
[04Jan2025 00:41:11.102] [Server thread/INFO] [tombstone/]: The player JUAN_D has successfully been saved
[04Jan2025 00:41:48.146] [Server thread/INFO] [net.minecraft.world.entity.npc.Villager/]: Villager VillagerEntityMCA['Riza'/179969, l='ServerLevel[world]', x=-320.28, y=60.00, z=-641.28] died, message: 'Riza was slain by JUAN_D'
[04Jan2025 00:41:48.150] [Server thread/INFO] [net.minecraft.world.entity.LivingEntity/]: Named entity VillagerEntityMCA['Riza'/179969, l='ServerLevel[world]', x=-320.28, y=60.00, z=-641.28] died: Riza was slain by JUAN_D
[04Jan2025 00:44:48.623] [Server thread/WARN] [net.minecraft.server.network.ServerGamePacketListenerImpl/]: xentros10000 moved wrongly!
[04Jan2025 00:49:03.123] [Server thread/WARN] [net.minecraft.server.network.ServerGamePacketListenerImpl/]: xentros10000 moved too quickly! -0.22502360035554148,8.3420851612252,5.696332702155132
[04Jan2025 00:53:55.998] [Server thread/INFO] [net.minecraft.server.MinecraftServer/]: xentros10000 was slain by JUAN_D using [Polearm]
[04Jan2025 00:53:56.002] [Server thread/INFO] [tombstone/]: The player xentros10000 has successfully been saved
[04Jan2025 00:58:01.482] [Server thread/INFO] [net.minecraft.server.MinecraftServer/]: JUAN_D has made the advancement [Rigged from the Start]
[04Jan2025 01:04:48.603] [Server thread/INFO] [net.minecraft.world.entity.npc.Villager/]: Villager VillagerEntityMCA['Neib'/194177, l='ServerLevel[world]', x=91.02, y=74.00, z=-621.48] died, message: 'Neib was slain by Husk'
[04Jan2025 01:04:48.606] [Server thread/INFO] [net.minecraft.world.entity.LivingEntity/]: Named entity VillagerEntityMCA['Neib'/194177, l='ServerLevel[world]', x=91.02, y=74.00, z=-621.48] died: Neib was slain by Husk
[04Jan2025 01:05:38.446] [Server thread/INFO] [net.minecraft.world.entity.npc.Villager/]: Villager VillagerEntityMCA['Seid'/193963, l='ServerLevel[world]', x=122.78, y=82.50, z=-665.74] died, message: 'Seid was slain by Miro'
[04Jan2025 01:05:38.449] [Server thread/INFO] [net.minecraft.world.entity.LivingEntity/]: Named entity VillagerEntityMCA['Seid'/193963, l='ServerLevel[world]', x=122.78, y=82.50, z=-665.74] died: Seid was slain by Miro
[04Jan2025 01:05:43.957] [Server thread/INFO] [forge.net.mca.MCA/]: literal{Danica}[style={}] has been infected
[04Jan2025 01:12:58.995] [Server thread/INFO] [net.minecraft.server.MinecraftServer/]: JUAN_D has made the advancement [Jungle Fliers]
[04Jan2025 01:13:40.314] [Server thread/INFO] [net.minecraft.server.MinecraftServer/]: [xentros10000: Teleported JUAN_D to xentros10000]
[04Jan2025 01:25:19.667] [Server thread/INFO] [net.minecraft.world.entity.npc.Villager/]: Villager VillagerEntityMCA['Mate'/209985, l='ServerLevel[world]', x=122.50, y=84.00, z=-645.40] died, message: 'Mate was slain by Vindicator'
[04Jan2025 01:25:19.669] [Server thread/INFO] [net.minecraft.world.entity.LivingEntity/]: Named entity VillagerEntityMCA['Mate'/209985, l='ServerLevel[world]', x=122.50, y=84.00, z=-645.40] died: Mate was slain by Vindicator
[04Jan2025 01:25:59.875] [Server thread/WARN] [net.minecraft.server.network.ServerGamePacketListenerImpl/]: entity.evilcraft.broom (vehicle of JUAN_D) moved too quickly! -13.888190198476252,0.01892267382116586,2.0861798367373012
[04Jan2025 01:25:59.878] [Server thread/WARN] [net.minecraft.server.network.ServerGamePacketListenerImpl/]: entity.evilcraft.broom (vehicle of JUAN_D) moved too quickly! -13.330282410150573,0.031586589156418654,1.9922687760812323
[04Jan2025 01:25:59.925] [Server thread/WARN] [net.minecraft.server.network.ServerGamePacketListenerImpl/]: entity.evilcraft.broom (vehicle of JUAN_D) moved too quickly! -13.198693665934229,0.04950577071808482,1.9606122384027458
[04Jan2025 01:25:59.927] [Server thread/WARN] [net.minecraft.server.network.ServerGamePacketListenerImpl/]: entity.evilcraft.broom (vehicle of JUAN_D) moved too quickly! -12.639602745865432,0.06309942992791662,1.8717314276467505
[04Jan2025 01:26:00.233] [Server thread/WARN] [net.minecraft.server.network.ServerGamePacketListenerImpl/]: entity.evilcraft.broom (vehicle of JUAN_D) moved too quickly! -14.77550017554421,0.16118459122962747,2.153468676595253
[04Jan2025 01:26:00.234] [Server thread/WARN] [net.minecraft.server.network.ServerGamePacketListenerImpl/]: entity.evilcraft.broom (vehicle of JUAN_D) moved too quickly! -14.215859346672516,0.16962081680632934,2.0681362668505017
[04Jan2025 01:26:00.235] [Server thread/WARN] [net.minecraft.server.network.ServerGamePacketListenerImpl/]: entity.evilcraft.broom (vehicle of JUAN_D) moved too quickly! -13.65587837511481,0.16991445918722548,1.9844020681939583
[04Jan2025 01:26:00.236] [Server thread/WARN] [net.minecraft.server.network.ServerGamePacketListenerImpl/]: entity.evilcraft.broom (vehicle of JUAN_D) moved too quickly! -13.095719217784506,0.16450887514385215,1.9019223231431397
[04Jan2025 01:26:00.237] [Server thread/WARN] [net.minecraft.server.network.ServerGamePacketListenerImpl/]: entity.evilcraft.broom (vehicle of JUAN_D) moved too quickly! -12.5354327106229,0.1531725465095377,1.8205003162114508
[04Jan2025 01:26:00.237] [Server thread/WARN] [net.minecraft.server.network.ServerGamePacketListenerImpl/]: entity.evilcraft.broom (vehicle of JUAN_D) moved too quickly! -11.975049775898981,0.13765532756804078,1.7399778314113519
[04Jan2025 01:26:00.238] [Server thread/WARN] [net.minecraft.server.network.ServerGamePacketListenerImpl/]: entity.evilcraft.broom (vehicle of JUAN_D) moved too quickly! -11.41459286107812,0.1172905703764684,1.660220894339318
[04Jan2025 01:26:00.239] [Server thread/WARN] [net.minecraft.server.network.ServerGamePacketListenerImpl/]: entity.evilcraft.broom (vehicle of JUAN_D) moved too quickly! -10.854078782068711,0.09498204105440777,1.5811153819128094
[04Jan2025 01:26:00.240] [Server thread/WARN] [net.minecraft.server.network.ServerGamePacketListenerImpl/]: entity.evilcraft.broom (vehicle of JUAN_D) moved too quickly! -10.293520239112013,0.06920377783576726,1.5025640898114716
[04Jan2025 01:26:02.948] [Server thread/INFO] [net.minecraft.world.entity.npc.Villager/]: Villager VillagerEntityMCA['Rahman'/209986, l='ServerLevel[world]', x=138.21, y=84.18, z=-693.16] died, message: 'Rahman was slain by Vindicator'
[04Jan2025 01:26:02.953] [Server thread/INFO] [net.minecraft.world.entity.LivingEntity/]: Named entity VillagerEntityMCA['Rahman'/209986, l='ServerLevel[world]', x=138.21, y=84.18, z=-693.16] died: Rahman was slain by Vindicator
[04Jan2025 01:26:27.664] [Server thread/INFO] [net.minecraft.server.MinecraftServer/]: JUAN_D has made the advancement [Jennifer Dumped Me]
[04Jan2025 01:28:09.999] [Server thread/INFO] [net.minecraft.world.entity.npc.Villager/]: Villager VillagerEntityMCA['Mia'/212598, l='ServerLevel[world]', x=113.50, y=86.00, z=-666.88] died, message: 'Mia was slain by Vindicator'
[04Jan2025 01:28:10.001] [Server thread/INFO] [net.minecraft.world.entity.LivingEntity/]: Named entity VillagerEntityMCA['Mia'/212598, l='ServerLevel[world]', x=113.50, y=86.00, z=-666.88] died: Mia was slain by Vindicator
[04Jan2025 01:28:50.458] [Server thread/INFO] [net.minecraft.server.MinecraftServer/]: JUAN_D has made the advancement [Flexible Schedule]
[04Jan2025 01:30:02.022] [Server thread/WARN] [net.minecraft.server.network.ServerGamePacketListenerImpl/]: entity.evilcraft.broom (vehicle of JUAN_D) moved wrongly! 2.193285085879893
[04Jan2025 01:30:02.023] [Server thread/WARN] [net.minecraft.server.network.ServerGamePacketListenerImpl/]: entity.evilcraft.broom (vehicle of JUAN_D) moved wrongly! 1.9154979021311647
[04Jan2025 01:30:02.023] [Server thread/WARN] [net.minecraft.server.network.ServerGamePacketListenerImpl/]: entity.evilcraft.broom (vehicle of JUAN_D) moved wrongly! 1.6289008388894217
[04Jan2025 01:30:02.024] [Server thread/WARN] [net.minecraft.server.network.ServerGamePacketListenerImpl/]: entity.evilcraft.broom (vehicle of JUAN_D) moved wrongly! 1.3327544952011294
[04Jan2025 01:30:02.414] [Server thread/WARN] [net.minecraft.server.network.ServerGamePacketListenerImpl/]: entity.evilcraft.broom (vehicle of JUAN_D) moved wrongly! 0.7202907351628483
[04Jan2025 01:30:02.415] [Server thread/WARN] [net.minecraft.server.network.ServerGamePacketListenerImpl/]: entity.evilcraft.broom (vehicle of JUAN_D) moved wrongly! 0.7202907351628483
[04Jan2025 01:30:02.415] [Server thread/WARN] [net.minecraft.server.network.ServerGamePacketListenerImpl/]: entity.evilcraft.broom (vehicle of JUAN_D) moved wrongly! 0.7202907351628483
[04Jan2025 01:30:02.415] [Server thread/WARN] [net.minecraft.server.network.ServerGamePacketListenerImpl/]: entity.evilcraft.broom (vehicle of JUAN_D) moved wrongly! 0.7202907351628483
[04Jan2025 01:30:02.416] [Server thread/WARN] [net.minecraft.server.network.ServerGamePacketListenerImpl/]: entity.evilcraft.broom (vehicle of JUAN_D) moved wrongly! 0.33768538897993494
[04Jan2025 01:31:02.967] [Server thread/INFO] [net.minecraft.world.entity.npc.Villager/]: Villager VillagerEntityMCA['Leila'/212597, l='ServerLevel[world]', x=102.76, y=75.00, z=-616.56] died, message: 'Leila was shot by Pillager'
[04Jan2025 01:31:02.970] [Server thread/INFO] [net.minecraft.world.entity.LivingEntity/]: Named entity VillagerEntityMCA['Leila'/212597, l='ServerLevel[world]', x=102.76, y=75.00, z=-616.56] died: Leila was shot by Pillager
[04Jan2025 01:31:21.963] [Server thread/WARN] [net.minecraft.server.network.ServerGamePacketListenerImpl/]: entity.evilcraft.broom (vehicle of JUAN_D) moved too quickly! 13.598074085701164,0.4650067565267477,3.9099806066177507
[04Jan2025 01:31:21.967] [Server thread/WARN] [net.minecraft.server.network.ServerGamePacketListenerImpl/]: entity.evilcraft.broom (vehicle of JUAN_D) moved too quickly! 13.054219856669306,0.43024572262397953,3.7536011467301478
[04Jan2025 01:31:21.967] [Server thread/WARN] [net.minecraft.server.network.ServerGamePacketListenerImpl/]: entity.evilcraft.broom (vehicle of JUAN_D) moved too quickly! 12.510675789568722,0.4017468265316637,3.5973220574461493
[04Jan2025 01:31:21.968] [Server thread/WARN] [net.minecraft.server.network.ServerGamePacketListenerImpl/]: entity.evilcraft.broom (vehicle of JUAN_D) moved too quickly! 11.966852128593935,0.37591880051982685,3.4409525054167034
[04Jan2025 01:31:21.968] [Server thread/WARN] [net.minecraft.server.network.ServerGamePacketListenerImpl/]: entity.evilcraft.broom (vehicle of JUAN_D) moved too quickly! 11.423000332372304,0.35189240706263547,3.284573856546217
[04Jan2025 01:31:21.968] [Server thread/WARN] [net.minecraft.server.network.ServerGamePacketListenerImpl/]: entity.evilcraft.broom (vehicle of JUAN_D) moved too quickly! 10.879145557388476,0.33382709162583524,3.1281942504792823
[04Jan2025 01:31:22.016] [Server thread/WARN] [net.minecraft.server.network.ServerGamePacketListenerImpl/]: entity.evilcraft.broom (vehicle of JUAN_D) moved too quickly! 10.750657019964933,0.33305472828497784,3.091248748445196
[04Jan2025 01:31:22.017] [Server thread/WARN] [net.minecraft.server.network.ServerGamePacketListenerImpl/]: entity.evilcraft.broom (vehicle of JUAN_D) moved too quickly! 10.206801600654742,0.3225007428654152,2.9348689460338164
[04Jan2025 01:31:22.017] [Server thread/WARN] [net.minecraft.server.network.ServerGamePacketListenerImpl/]: entity.evilcraft.broom (vehicle of JUAN_D) moved too quickly! 9.66294602515675,0.3149728260527809,2.7784890986115443
[04Jan2025 01:31:44.957] [Server thread/WARN] [net.minecraft.server.network.ServerGamePacketListenerImpl/]: entity.evilcraft.broom (vehicle of JUAN_D) moved too quickly! 18.854242293181244,0.6268731035436872,-0.39755626554972423
[04Jan2025 01:31:44.958] [Server thread/WARN] [net.minecraft.server.network.ServerGamePacketListenerImpl/]: entity.evilcraft.broom (vehicle of JUAN_D) moved too quickly! 18.29093205607768,0.7324896030274317,-0.38568431000589953
[04Jan2025 01:31:44.958] [Server thread/WARN] [net.minecraft.server.network.ServerGamePacketListenerImpl/]: entity.evilcraft.broom (vehicle of JUAN_D) moved too quickly! 17.725509365922846,0.7074056261285904,-0.37376252334001947
[04Jan2025 01:31:44.958] [Server thread/WARN] [net.minecraft.server.network.ServerGamePacketListenerImpl/]: entity.evilcraft.broom (vehicle of JUAN_D) moved too quickly! 17.1598693894542,0.6689945042844982,-0.36183562618259657
[04Jan2025 01:31:44.959] [Server thread/WARN] [net.minecraft.server.network.ServerGamePacketListenerImpl/]: entity.evilcraft.broom (vehicle of JUAN_D) moved too quickly! 16.59420200822251,0.6266323195301453,-0.3499080982903706
[04Jan2025 01:31:44.959] [Server thread/WARN] [net.minecraft.server.network.ServerGamePacketListenerImpl/]: entity.evilcraft.broom (vehicle of JUAN_D) moved too quickly! 16.028526553221212,0.5865516473055834,-0.33798039486805465
[04Jan2025 01:31:44.959] [Server thread/WARN] [net.minecraft.server.network.ServerGamePacketListenerImpl/]: entity.evilcraft.broom (vehicle of JUAN_D) moved too quickly! 15.462845279680636,0.5478118259783429,-0.32605256822853335
[04Jan2025 01:31:44.960] [Server thread/WARN] [net.minecraft.server.network.ServerGamePacketListenerImpl/]: entity.evilcraft.broom (vehicle of JUAN_D) moved too quickly! 14.89715871579807,0.5090701009099519,-0.31412462998514457
[04Jan2025 01:31:44.960] [Server thread/WARN] [net.minecraft.server.network.ServerGamePacketListenerImpl/]: entity.evilcraft.broom (vehicle of JUAN_D) moved too quickly! 14.33146719878593,0.4745433474924283,-0.30219658729595267
[04Jan2025 01:31:44.960] [Server thread/WARN] [net.minecraft.server.network.ServerGamePacketListenerImpl/]: entity.evilcraft.broom (vehicle of JUAN_D) moved too quickly! 13.76577102958089,0.4421183429018072,-0.29026844651116335
[04Jan2025 01:31:44.961] [Server thread/WARN] [net.minecraft.server.network.ServerGamePacketListenerImpl/]: entity.evilcraft.broom (vehicle of JUAN_D) moved too quickly! 13.200070489352214,0.4130724051532013,-0.27834021355988625
[04Jan2025 01:31:44.961] [Server thread/WARN] [net.minecraft.server.network.ServerGamePacketListenerImpl/]: entity.evilcraft.broom (vehicle of JUAN_D) moved too quickly! 12.634365842127409,0.38740007095849194,-0.2664118940094795
[04Jan2025 01:31:44.961] [Server thread/WARN] [net.minecraft.server.network.ServerGamePacketListenerImpl/]: entity.evilcraft.broom (vehicle of JUAN_D) moved too quickly! 12.068657335970869,0.3638977551702567,-0.25448349309044715
[04Jan2025 01:31:44.961] [Server thread/WARN] [net.minecraft.server.network.ServerGamePacketListenerImpl/]: entity.evilcraft.broom (vehicle of JUAN_D) moved too quickly! 11.502945203962298,0.34319794240630586,-0.24255501571758487
[04Jan2025 01:31:44.962] [Server thread/WARN] [net.minecraft.server.network.ServerGamePacketListenerImpl/]: entity.evilcraft.broom (vehicle of JUAN_D) moved too quickly! 10.937229665103189,0.32406689620754037,-0.23062646650862462
[04Jan2025 01:31:44.962] [Server thread/WARN] [net.minecraft.server.network.ServerGamePacketListenerImpl/]: entity.evilcraft.broom (vehicle of JUAN_D) moved too quickly! 10.371510925167343,0.3060963871253506,-0.21869784980242457
[04Jan2025 01:31:47.404] [Server thread/WARN] [net.minecraft.server.network.ServerGamePacketListenerImpl/]: entity.evilcraft.broom (vehicle of JUAN_D) moved too quickly! 17.878990110800117,0.5924194605927369,-0.3769923198036622
[04Jan2025 01:31:47.412] [Server thread/WARN] [net.minecraft.server.network.ServerGamePacketListenerImpl/]: entity.evilcraft.broom (vehicle of JUAN_D) moved too quickly! 17.313243728448157,0.5574638865619761,-0.3650631202358454
[04Jan2025 01:31:47.412] [Server thread/WARN] [net.minecraft.server.network.ServerGamePacketListenerImpl/]: entity.evilcraft.broom (vehicle of JUAN_D) moved too quickly! 16.74749600796673,0.5235707923653337,-0.3531338924525471
[04Jan2025 01:31:47.413] [Server thread/WARN] [net.minecraft.server.network.ServerGamePacketListenerImpl/]: entity.evilcraft.broom (vehicle of JUAN_D) moved too quickly! 16.181747030178855,0.49264228341650096,-0.341204638157933
[04Jan2025 01:31:47.413] [Server thread/WARN] [net.minecraft.server.network.ServerGamePacketListenerImpl/]: entity.evilcraft.broom (vehicle of JUAN_D) moved too quickly! 15.615996871025828,0.462789889528338,-0.3292753589532822
[04Jan2025 01:31:47.413] [Server thread/WARN] [net.minecraft.server.network.ServerGamePacketListenerImpl/]: entity.evilcraft.broom (vehicle of JUAN_D) moved too quickly! 15.050245601862144,0.4384910262003956,-0.31734605634324
[04Jan2025 01:31:47.414] [Server thread/WARN] [net.minecraft.server.network.ServerGamePacketListenerImpl/]: entity.evilcraft.broom (vehicle of JUAN_D) moved too quickly! 14.484493289732455,0.41627187622817985,-0.3054167317413885
[04Jan2025 01:31:47.414] [Server thread/WARN] [net.minecraft.server.network.ServerGamePacketListenerImpl/]: entity.evilcraft.broom (vehicle of JUAN_D) moved too quickly! 13.918739997631917,0.4000230664433957,-0.29348738647615846
[04Jan2025 01:31:47.414] [Server thread/WARN] [net.minecraft.server.network.ServerGamePacketListenerImpl/]: entity.evilcraft.broom (vehicle of JUAN_D) moved too quickly! 13.352985784750786,0.3858609381303211,-0.2815580217954903
[04Jan2025 01:31:47.452] [Server thread/WARN] [net.minecraft.server.network.ServerGamePacketListenerImpl/]: entity.evilcraft.broom (vehicle of JUAN_D) moved too quickly! 13.09235746707867,0.3855960478306315,-0.2760624723557612
[04Jan2025 01:31:47.452] [Server thread/WARN] [net.minecraft.server.network.ServerGamePacketListenerImpl/]: entity.evilcraft.broom (vehicle of JUAN_D) moved too quickly! 12.526601576122658,0.3812804188779353,-0.2641330722916564
[04Jan2025 01:31:47.453] [Server thread/WARN] [net.minecraft.server.network.ServerGamePacketListenerImpl/]: entity.evilcraft.broom (vehicle of JUAN_D) moved too quickly! 11.960844921356937,0.37714600224543915,-0.252203656121992
[04Jan2025 01:31:47.453] [Server thread/WARN] [net.minecraft.server.network.ServerGamePacketListenerImpl/]: entity.evilcraft.broom (vehicle of JUAN_D) moved too quickly! 11.395087548915598,0.37746247163647695,-0.24027422481958638
[04Jan2025 01:31:47.453] [Server thread/WARN] [net.minecraft.server.network.ServerGamePacketListenerImpl/]: entity.evilcraft.broom (vehicle of JUAN_D) moved too quickly! 10.829329502146294,0.3770906333673594,-0.22834477929848163
[04Jan2025 01:31:47.454] [Server thread/WARN] [net.minecraft.server.network.ServerGamePacketListenerImpl/]: entity.evilcraft.broom (vehicle of JUAN_D) moved too quickly! 10.263570821778416,0.3764137453584624,-0.21641532041746814
[04Jan2025 01:31:47.462] [Server thread/WARN] [net.minecraft.server.network.ServerGamePacketListenerImpl/]: entity.evilcraft.broom (vehicle of JUAN_D) moved too quickly! -10.103959450722868,-0.30242738516943746,0.21304979134310997
[04Jan2025 01:31:47.463] [Server thread/WARN] [net.minecraft.server.network.ServerGamePacketListenerImpl/]: entity.evilcraft.broom (vehicle of JUAN_D) moved too quickly! -10.669727004402205,-0.33465576947276077,0.22497943732480508
[04Jan2025 01:31:47.463] [Server thread/WARN] [net.minecraft.server.network.ServerGamePacketListenerImpl/]: entity.evilcraft.broom (vehicle of JUAN_D) moved too quickly! -11.235494617462649,-0.3671124933582206,0.23690908455853332
[04Jan2025 01:31:51.335] [Server thread/WARN] [net.minecraft.server.network.ServerGamePacketListenerImpl/]: entity.evilcraft.broom (vehicle of JUAN_D) moved too quickly! 22.133017082370685,0.7027343415981164,-0.4666917651630911
[04Jan2025 01:31:51.335] [Server thread/WARN] [net.minecraft.server.network.ServerGamePacketListenerImpl/]: entity.evilcraft.broom (vehicle of JUAN_D) moved too quickly! 21.567249361091257,0.6744806462696857,-0.4547621156474406
[04Jan2025 01:31:51.335] [Server thread/WARN] [net.minecraft.server.network.ServerGamePacketListenerImpl/]: entity.evilcraft.broom (vehicle of JUAN_D) moved too quickly! 21.001481590553766,0.649234660041003,-0.4428324650931472
[04Jan2025 01:31:51.336] [Server thread/WARN] [net.minecraft.server.network.ServerGamePacketListenerImpl/]: entity.evilcraft.broom (vehicle of JUAN_D) moved too quickly! 20.435713773733397,0.6270554067956766,-0.430902813562966
[04Jan2025 01:31:51.336] [Server thread/WARN] [net.minecraft.server.network.ServerGamePacketListenerImpl/]: entity.evilcraft.broom (vehicle of JUAN_D) moved too quickly! 19.869945913425624,0.6076315716317282,-0.41897316111578675
[04Jan2025 01:31:51.336] [Server thread/WARN] [net.minecraft.server.network.ServerGamePacketListenerImpl/]: entity.evilcraft.broom (vehicle of JUAN_D) moved too quickly! 19.304178012257097,0.5946288385760994,-0.40704350780708864
[04Jan2025 01:31:51.337] [Server thread/WARN] [net.minecraft.server.network.ServerGamePacketListenerImpl/]: entity.evilcraft.broom (vehicle of JUAN_D) moved too quickly! 18.738313401996635,0.583225621666557,-0.4027132093939372
[04Jan2025 01:31:51.337] [Server thread/WARN] [net.minecraft.server.network.ServerGamePacketListenerImpl/]: entity.evilcraft.broom (vehicle of JUAN_D) moved too quickly! 18.172570215655043,0.5740701295008677,-0.4140017314831539
[04Jan2025 01:31:51.337] [Server thread/WARN] [net.minecraft.server.network.ServerGamePacketListenerImpl/]: entity.evilcraft.broom (vehicle of JUAN_D) moved too quickly! 17.608502715298357,0.5707165384012711,-0.45783338575745347
[04Jan2025 01:31:51.338] [Server thread/WARN] [net.minecraft.server.network.ServerGamePacketListenerImpl/]: entity.evilcraft.broom (vehicle of JUAN_D) moved too quickly! 17.048642803928857,0.5666005801796672,-0.5390501443529274
[04Jan2025 01:31:51.338] [Server thread/WARN] [net.minecraft.server.network.ServerGamePacketListenerImpl/]: entity.evilcraft.broom (vehicle of JUAN_D) moved too quickly! 16.495200105084535,0.5634250122711109,-0.6562661449025882
[04Jan2025 01:31:51.339] [Server thread/WARN] [net.minecraft.server.network.ServerGamePacketListenerImpl/]: entity.evilcraft.broom (vehicle of JUAN_D) moved too quickly! 15.950140192469718,0.543013125356282,-0.7912932618628474
[04Jan2025 01:31:51.339] [Server thread/WARN] [net.minecraft.server.network.ServerGamePacketListenerImpl/]: entity.evilcraft.broom (vehicle of JUAN_D) moved too quickly! 15.411771064542137,0.5149743799488391,-0.9636521900383741
[04Jan2025 01:31:51.339] [Server thread/WARN] [net.minecraft.server.network.ServerGamePacketListenerImpl/]: entity.evilcraft.broom (vehicle of JUAN_D) moved too quickly! 14.88073716891779,0.483599397728085,-1.1587631846066415
[04Jan2025 01:31:51.340] [Server thread/WARN] [net.minecraft.server.network.ServerGamePacketListenerImpl/]: entity.evilcraft.broom (vehicle of JUAN_D) moved too quickly! 14.356690957937843,0.4506579890492475,-1.3720973803649485
[04Jan2025 01:31:51.340] [Server thread/WARN] [net.minecraft.server.network.ServerGamePacketListenerImpl/]: entity.evilcraft.broom (vehicle of JUAN_D) moved too quickly! 13.83907875881215,0.4146257291380522,-1.6006378450000511
[04Jan2025 01:31:51.340] [Server thread/WARN] [net.minecraft.server.network.ServerGamePacketListenerImpl/]: entity.evilcraft.broom (vehicle of JUAN_D) moved too quickly! 13.327284143072802,0.3790373149195858,-1.8419425579686504
[04Jan2025 01:31:51.341] [Server thread/WARN] [net.minecraft.server.network.ServerGamePacketListenerImpl/]: entity.evilcraft.broom (vehicle of JUAN_D) moved too quickly! 12.820683099793769,0.3420027318047971,-2.093979549814776
[04Jan2025 01:31:51.341] [Server thread/WARN] [net.minecraft.server.network.ServerGamePacketListenerImpl/]: entity.evilcraft.broom (vehicle of JUAN_D) moved too quickly! 12.318674317911416,0.3057477125597501,-2.3550508723035364
[04Jan2025 01:31:51.341] [Server thread/WARN] [net.minecraft.server.network.ServerGamePacketListenerImpl/]: entity.evilcraft.broom (vehicle of JUAN_D) moved too quickly! 11.820696152468315,0.27052778760565843,-2.623735381943561
[04Jan2025 01:31:51.342] [Server thread/WARN] [net.minecraft.server.network.ServerGamePacketListenerImpl/]: entity.evilcraft.broom (vehicle of JUAN_D) moved too quickly! 11.326235231062213,0.23824919994325455,-2.8988421429056643
[04Jan2025 01:31:51.408] [Server thread/WARN] [net.minecraft.server.network.ServerGamePacketListenerImpl/]: entity.evilcraft.broom (vehicle of JUAN_D) moved too quickly! 11.244640289149686,0.22128928395733283,-3.1375111093627766
[04Jan2025 01:31:51.408] [Server thread/WARN] [net.minecraft.server.network.ServerGamePacketListenerImpl/]: entity.evilcraft.broom (vehicle of JUAN_D) moved too quickly! 10.754471560195185,0.19560376097793153,-3.420202098918253
[04Jan2025 01:31:51.409] [Server thread/WARN] [net.minecraft.server.network.ServerGamePacketListenerImpl/]: entity.evilcraft.broom (vehicle of JUAN_D) moved too quickly! 10.262237650065373,0.17198369000193736,-3.6992790151737154
[04Jan2025 01:31:51.409] [Server thread/WARN] [net.minecraft.server.network.ServerGamePacketListenerImpl/]: entity.evilcraft.broom (vehicle of JUAN_D) moved too quickly! 9.766230642075953,0.1541218719194717,-3.9715684382397285
[04Jan2025 01:31:51.409] [Server thread/WARN] [net.minecraft.server.network.ServerGamePacketListenerImpl/]: entity.evilcraft.broom (vehicle of JUAN_D) moved too quickly! 9.262814654671644,0.13854641660941525,-4.229877430323654
[04Jan2025 01:31:51.418] [Server thread/WARN] [net.minecraft.server.network.ServerGamePacketListenerImpl/]: entity.evilcraft.broom (vehicle of JUAN_D) moved too quickly! -7.995612205342553,0.2200435674164396,-6.579569126388719
[04Jan2025 01:31:51.418] [Server thread/WARN] [net.minecraft.server.network.ServerGamePacketListenerImpl/]: entity.evilcraft.broom (vehicle of JUAN_D) moved too quickly! -8.560388654013167,0.23198114169598227,-6.618135400866436
[04Jan2025 01:31:51.419] [Server thread/WARN] [net.minecraft.server.network.ServerGamePacketListenerImpl/]: entity.evilcraft.broom (vehicle of JUAN_D) moved too quickly! -9.124809427869366,0.24354369714293966,-6.6615529064678185
[04Jan2025 01:31:51.419] [Server thread/WARN] [net.minecraft.server.network.ServerGamePacketListenerImpl/]: entity.evilcraft.broom (vehicle of JUAN_D) moved too quickly! -9.688894661995676,0.252066821245009,-6.70909603976304
[04Jan2025 01:31:51.419] [Server thread/WARN] [net.minecraft.server.network.ServerGamePacketListenerImpl/]: entity.evilcraft.broom (vehicle of JUAN_D) moved too quickly! -10.252670810591582,0.2591660243073477,-6.7601444262618315
[04Jan2025 01:31:51.420] [Server thread/WARN] [net.minecraft.server.network.ServerGamePacketListenerImpl/]: entity.evilcraft.broom (vehicle of JUAN_D) moved too quickly! -10.816167001783782,0.26294743918769825,-6.814170829167324
[04Jan2025 01:31:51.420] [Server thread/WARN] [net.minecraft.server.network.ServerGamePacketListenerImpl/]: entity.evilcraft.broom (vehicle of JUAN_D) moved too quickly! -11.379412803736301,0.26331742714063466,-6.870727187954003
[04Jan2025 01:31:51.420] [Server thread/WARN] [net.minecraft.server.network.ServerGamePacketListenerImpl/]: entity.evilcraft.broom (vehicle of JUAN_D) moved too quickly! -11.942436796502903,0.2611976510933971,-6.92943307310361
[04Jan2025 01:31:51.420] [Server thread/WARN] [net.minecraft.server.network.ServerGamePacketListenerImpl/]: entity.evilcraft.broom (vehicle of JUAN_D) moved too quickly! -12.505265750009698,0.25531353218232766,-6.989965495416868
[04Jan2025 01:31:51.421] [Server thread/WARN] [net.minecraft.server.network.ServerGamePacketListenerImpl/]: entity.evilcraft.broom (vehicle of JUAN_D) moved too quickly! -13.067924235028698,0.2482263205926074,-7.052049962154342
[04Jan2025 01:31:51.421] [Server thread/WARN] [net.minecraft.server.network.ServerGamePacketListenerImpl/]: entity.evilcraft.broom (vehicle of JUAN_D) moved too quickly! -13.63043443556893,0.23956316745318418,-7.115453301033199
[04Jan2025 01:31:51.421] [Server thread/WARN] [net.minecraft.server.network.ServerGamePacketListenerImpl/]: entity.evilcraft.broom (vehicle of JUAN_D) moved too quickly! -14.192816155920525,0.2282775004707247,-7.179977355836172
[04Jan2025 01:31:51.422] [Server thread/WARN] [net.minecraft.server.network.ServerGamePacketListenerImpl/]: entity.evilcraft.broom (vehicle of JUAN_D) moved too quickly! -14.755428707271449,0.21810055471515,-7.242271115214294
[04Jan2025 01:31:51.422] [Server thread/WARN] [net.minecraft.server.network.ServerGamePacketListenerImpl/]: entity.evilcraft.broom (vehicle of JUAN_D) moved too quickly! -15.318574266705497,0.20797410255853777,-7.299164321373269
[04Jan2025 01:31:51.422] [Server thread/WARN] [net.minecraft.server.network.ServerGamePacketListenerImpl/]: entity.evilcraft.broom (vehicle of JUAN_D) moved too quickly! -15.882414071952297,0.20034690245405784,-7.348122864264724
[04Jan2025 01:31:51.423] [Server thread/WARN] [net.minecraft.server.network.ServerGamePacketListenerImpl/]: entity.evilcraft.broom (vehicle of JUAN_D) moved too quickly! -16.44712720998612,0.19528443816372487,-7.384206211308651
[04Jan2025 01:31:51.423] [Server thread/WARN] [net.minecraft.server.network.ServerGamePacketListenerImpl/]: entity.evilcraft.broom (vehicle of JUAN_D) moved too quickly! -17.01251585205506,0.19390531633089836,-7.4037239672227315
[04Jan2025 01:31:51.423] [Server thread/WARN] [net.minecraft.server.network.ServerGamePacketListenerImpl/]: entity.evilcraft.broom (vehicle of JUAN_D) moved too quickly! -17.57808549983764,0.19626953805031633,-7.406193594025808
[04Jan2025 01:31:51.423] [Server thread/WARN] [net.minecraft.server.network.ServerGamePacketListenerImpl/]: entity.evilcraft.broom (vehicle of JUAN_D) moved too quickly! -18.143256303714764,0.20209429524281575,-7.390286669342913
[04Jan2025 01:31:51.424] [Server thread/WARN] [net.minecraft.server.network.ServerGamePacketListenerImpl/]: entity.evilcraft.broom (vehicle of JUAN_D) moved too quickly! -18.70740308547346,0.21503224804746424,-7.355802814636604
[04Jan2025 01:31:51.424] [Server thread/WARN] [net.minecraft.server.network.ServerGamePacketListenerImpl/]: entity.evilcraft.broom (vehicle of JUAN_D) moved too quickly! -19.270144597355397,0.2303670753526319,-7.305071872180633
[04Jan2025 01:31:51.424] [Server thread/WARN] [net.minecraft.server.network.ServerGamePacketListenerImpl/]: entity.evilcraft.broom (vehicle of JUAN_D) moved too quickly! -19.831306836203623,0.2486481830862033,-7.240523274659267
[04Jan2025 01:31:51.424] [Server thread/WARN] [net.minecraft.server.network.ServerGamePacketListenerImpl/]: entity.evilcraft.broom (vehicle of JUAN_D) moved too quickly! -20.39084972709111,0.2733268654179142,-7.16426280740302
[04Jan2025 01:31:51.425] [Server thread/WARN] [net.minecraft.server.network.ServerGamePacketListenerImpl/]: entity.evilcraft.broom (vehicle of JUAN_D) moved too quickly! -20.948816736187382,0.29774965494173955,-7.078078509528268
[04Jan2025 01:31:51.425] [Server thread/WARN] [net.minecraft.server.network.ServerGamePacketListenerImpl/]: entity.evilcraft.broom (vehicle of JUAN_D) moved too quickly! -21.505300699440596,0.3235433217546273,-6.983484889667693
[04Jan2025 01:31:51.425] [Server thread/WARN] [net.minecraft.server.network.ServerGamePacketListenerImpl/]: entity.evilcraft.broom (vehicle of JUAN_D) moved too quickly! -22.056705066782825,0.34889536401976784,-6.887782613842887
[04Jan2025 01:31:51.426] [Server thread/WARN] [net.minecraft.server.network.ServerGamePacketListenerImpl/]: entity.evilcraft.broom (vehicle of JUAN_D) moved too quickly! -22.609227304197333,0.37521692948401153,-6.776304717809808
[04Jan2025 01:31:51.426] [Server thread/WARN] [net.minecraft.server.network.ServerGamePacketListenerImpl/]: entity.evilcraft.broom (vehicle of JUAN_D) moved too quickly! -23.160031345184024,0.4008079974153844,-6.655515311845875
[04Jan2025 01:31:51.473] [Server thread/WARN] [net.minecraft.server.network.ServerGamePacketListenerImpl/]: entity.evilcraft.broom (vehicle of JUAN_D) moved too quickly! -16.04061425908762,0.2244653972954893,0.04197715943564617
[04Jan2025 01:31:51.473] [Server thread/WARN] [net.minecraft.server.network.ServerGamePacketListenerImpl/]: entity.evilcraft.broom (vehicle of JUAN_D) moved too quickly! -16.58485964838647,0.24695388924249073,0.18670623686853105
[04Jan2025 01:31:51.474] [Server thread/WARN] [net.minecraft.server.network.ServerGamePacketListenerImpl/]: entity.evilcraft.broom (vehicle of JUAN_D) moved too quickly! -17.125260356651637,0.26693504283326774,0.34355959609388265
[04Jan2025 01:31:51.474] [Server thread/WARN] [net.minecraft.server.network.ServerGamePacketListenerImpl/]: entity.evilcraft.broom (vehicle of JUAN_D) moved too quickly! -17.662139741608854,0.28551041163582624,0.5106843662355232
[04Jan2025 01:31:51.474] [Server thread/WARN] [net.minecraft.server.network.ServerGamePacketListenerImpl/]: entity.evilcraft.broom (vehicle of JUAN_D) moved too quickly! -18.195852673017697,0.2996816555979649,0.6864783415179545
[04Jan2025 01:31:51.475] [Server thread/WARN] [net.minecraft.server.network.ServerGamePacketListenerImpl/]: entity.evilcraft.broom (vehicle of JUAN_D) moved too quickly! -18.726750770595885,0.30995290530296415,0.8695909077048327
[04Jan2025 01:31:51.475] [Server thread/WARN] [net.minecraft.server.network.ServerGamePacketListenerImpl/]: entity.evilcraft.broom (vehicle of JUAN_D) moved too quickly! -19.25516788666502,0.31935124586358654,1.0588861421365436
[04Jan2025 01:31:51.475] [Server thread/WARN] [net.minecraft.server.network.ServerGamePacketListenerImpl/]: entity.evilcraft.broom (vehicle of JUAN_D) moved too quickly! -19.781412763333634,0.32593129925936637,1.2534081243226183
[04Jan2025 01:31:51.475] [Server thread/WARN] [net.minecraft.server.network.ServerGamePacketListenerImpl/]: entity.evilcraft.broom (vehicle of JUAN_D) moved too quickly! -20.305765704483406,0.32881293298056846,1.4523516827035792
[04Jan2025 01:31:51.476] [Server thread/WARN] [net.minecraft.server.network.ServerGamePacketListenerImpl/]: entity.evilcraft.broom (vehicle of JUAN_D) moved too quickly! -20.82847775063155,0.3328648966661092,1.6550379990571855
[04Jan2025 01:31:51.476] [Server thread/WARN] [net.minecraft.server.network.ServerGamePacketListenerImpl/]: entity.evilcraft.broom (vehicle of JUAN_D) moved too quickly! -21.34302528437908,0.27377414566342395,1.841575534010076
[04Jan2025 01:31:51.476] [Server thread/WARN] [net.minecraft.server.network.ServerGamePacketListenerImpl/]: entity.evilcraft.broom (vehicle of JUAN_D) moved too quickly! -21.86242189747867,0.30106607168458765,2.0481857763280686
[04Jan2025 01:31:51.476] [Server thread/WARN] [net.minecraft.server.network.ServerGamePacketListenerImpl/]: entity.evilcraft.broom (vehicle of JUAN_D) moved too quickly! 56.61314743051818,1.5254770324237938,5.58499188196663
[04Jan2025 01:31:51.477] [Server thread/WARN] [net.minecraft.server.network.ServerGamePacketListenerImpl/]: entity.evilcraft.broom (vehicle of JUAN_D) moved too quickly! 56.61314743051818,1.5254770324237938,5.58499188196663
[04Jan2025 01:31:51.477] [Server thread/WARN] [net.minecraft.server.network.ServerGamePacketListenerImpl/]: entity.evilcraft.broom (vehicle of JUAN_D) moved too quickly! 56.61314743051818,1.5254770324237938,5.58499188196663
[04Jan2025 01:31:51.477] [Server thread/WARN] [net.minecraft.server.network.ServerGamePacketListenerImpl/]: entity.evilcraft.broom (vehicle of JUAN_D) moved too quickly! 56.61314743051818,1.5254770324237938,5.58499188196663
[04Jan2025 01:31:51.477] [Server thread/WARN] [net.minecraft.server.network.ServerGamePacketListenerImpl/]: entity.evilcraft.broom (vehicle of JUAN_D) moved too quickly! 56.61314743051818,1.5254770324237938,5.58499188196663
[04Jan2025 01:31:51.477] [Server thread/WARN] [net.minecraft.server.network.ServerGamePacketListenerImpl/]: entity.evilcraft.broom (vehicle of JUAN_D) moved too quickly! 56.61314743051818,1.5254770324237938,5.58499188196663
[04Jan2025 01:31:51.477] [Server thread/WARN] [net.minecraft.server.network.ServerGamePacketListenerImpl/]: entity.evilcraft.broom (vehicle of JUAN_D) moved too quickly! 56.61314743051818,1.5254770324237938,5.58499188196663
[04Jan2025 01:31:51.477] [Server thread/WARN] [net.minecraft.server.network.ServerGamePacketListenerImpl/]: entity.evilcraft.broom (vehicle of JUAN_D) moved too quickly! 56.61314743051818,1.5254770324237938,5.58499188196663
[04Jan2025 01:31:51.477] [Server thread/WARN] [net.minecraft.server.network.ServerGamePacketListenerImpl/]: entity.evilcraft.broom (vehicle of JUAN_D) moved too quickly! 56.61314743051818,1.5254770324237938,5.58499188196663
[04Jan2025 01:31:51.477] [Server thread/WARN] [net.minecraft.server.network.ServerGamePacketListenerImpl/]: entity.evilcraft.broom (vehicle of JUAN_D) moved too quickly! 56.61314743051818,1.5254770324237938,5.58499188196663
[04Jan2025 01:31:51.477] [Server thread/WARN] [net.minecraft.server.network.ServerGamePacketListenerImpl/]: entity.evilcraft.broom (vehicle of JUAN_D) moved too quickly! 56.61314743051818,1.5254770324237938,5.58499188196663
[04Jan2025 01:31:51.477] [Server thread/WARN] [net.minecraft.server.network.ServerGamePacketListenerImpl/]: entity.evilcraft.broom (vehicle of JUAN_D) moved too quickly! 56.61314743051818,1.5254770324237938,5.58499188196663
[04Jan2025 01:31:51.478] [Server thread/WARN] [net.minecraft.server.network.ServerGamePacketListenerImpl/]: entity.evilcraft.broom (vehicle of JUAN_D) moved too quickly! 56.61314743051818,1.5254770324237938,5.58499188196663
[04Jan2025 01:31:51.478] [Server thread/WARN] [net.minecraft.server.network.ServerGamePacketListenerImpl/]: entity.evilcraft.broom (vehicle of JUAN_D) moved too quickly! 56.61314743051818,1.5254770324237938,5.58499188196663
[04Jan2025 01:31:51.478] [Server thread/WARN] [net.minecraft.server.network.ServerGamePacketListenerImpl/]: entity.evilcraft.broom (vehicle of JUAN_D) moved too quickly! 56.61314743051818,1.5254770324237938,5.58499188196663
[04Jan2025 01:31:51.506] [Server thread/WARN] [net.minecraft.server.network.ServerGamePacketListenerImpl/]: entity.evilcraft.broom (vehicle of JUAN_D) moved too quickly! 56.87091616414503,1.5252456695925503,5.588091014636689
[04Jan2025 01:31:51.506] [Server thread/WARN] [net.minecraft.server.network.ServerGamePacketListenerImpl/]: entity.evilcraft.broom (vehicle of JUAN_D) moved too quickly! 42.57462239574221,0.9215013792274505,5.889532885157564
[04Jan2025 01:31:51.507] [Server thread/WARN] [net.minecraft.server.network.ServerGamePacketListenerImpl/]: entity.evilcraft.broom (vehicle of JUAN_D) moved too quickly! 42.57462239574221,0.9215013792274505,5.889532885157564
[04Jan2025 01:31:51.507] [Server thread/WARN] [net.minecraft.server.network.ServerGamePacketListenerImpl/]: entity.evilcraft.broom (vehicle of JUAN_D) moved too quickly! 42.57462239574221,0.9215013792274505,5.889532885157564
[04Jan2025 01:31:51.507] [Server thread/WARN] [net.minecraft.server.network.ServerGamePacketListenerImpl/]: entity.evilcraft.broom (vehicle of JUAN_D) moved too quickly! 42.57462239574221,0.9215013792274505,5.889532885157564
[04Jan2025 01:31:51.507] [Server thread/WARN] [net.minecraft.server.network.ServerGamePacketListenerImpl/]: entity.evilcraft.broom (vehicle of JUAN_D) moved too quickly! 42.57462239574221,0.9215013792274505,5.889532885157564
[04Jan2025 01:31:51.507] [Server thread/WARN] [net.minecraft.server.network.ServerGamePacketListenerImpl/]: entity.evilcraft.broom (vehicle of JUAN_D) moved too quickly! 42.57462239574221,0.9215013792274505,5.889532885157564
[04Jan2025 01:31:51.507] [Server thread/WARN] [net.minecraft.server.network.ServerGamePacketListenerImpl/]: entity.evilcraft.broom (vehicle of JUAN_D) moved too quickly! 42.57462239574221,0.9215013792274505,5.889532885157564
[04Jan2025 01:31:51.507] [Server thread/WARN] [net.minecraft.server.network.ServerGamePacketListenerImpl/]: entity.evilcraft.broom (vehicle of JUAN_D) moved too quickly! 42.57462239574221,0.9215013792274505,5.889532885157564
[04Jan2025 01:31:51.507] [Server thread/WARN] [net.minecraft.server.network.ServerGamePacketListenerImpl/]: entity.evilcraft.broom (vehicle of JUAN_D) moved too quickly! 42.57462239574221,0.9215013792274505,5.889532885157564
[04Jan2025 01:31:51.507] [Server thread/WARN] [net.minecraft.server.network.ServerGamePacketListenerImpl/]: entity.evilcraft.broom (vehicle of JUAN_D) moved too quickly! 42.26949563536775,0.911109438555215,5.895966718641148
[04Jan2025 01:31:51.507] [Server thread/WARN] [net.minecraft.server.network.ServerGamePacketListenerImpl/]: entity.evilcraft.broom (vehicle of JUAN_D) moved too quickly! 42.26949563536775,0.911109438555215,5.895966718641148
[04Jan2025 01:31:51.508] [Server thread/WARN] [net.minecraft.server.network.ServerGamePacketListenerImpl/]: entity.evilcraft.broom (vehicle of JUAN_D) moved too quickly! 42.26949563536775,0.911109438555215,5.895966718641148
[04Jan2025 01:31:51.508] [Server thread/WARN] [net.minecraft.server.network.ServerGamePacketListenerImpl/]: entity.evilcraft.broom (vehicle of JUAN_D) moved too quickly! 42.26949563536775,0.911109438555215,5.895966718641148
[04Jan2025 01:31:51.508] [Server thread/WARN] [net.minecraft.server.network.ServerGamePacketListenerImpl/]: entity.evilcraft.broom (vehicle of JUAN_D) moved too quickly! 42.26949563536775,0.911109438555215,5.895966718641148
[04Jan2025 01:31:51.508] [Server thread/WARN] [net.minecraft.server.network.ServerGamePacketListenerImpl/]: entity.evilcraft.broom (vehicle of JUAN_D) moved too quickly! 42.26949563536775,0.911109438555215,5.895966718641148
[04Jan2025 01:31:51.508] [Server thread/WARN] [net.minecraft.server.network.ServerGamePacketListenerImpl/]: entity.evilcraft.broom (vehicle of JUAN_D) moved too quickly! 32.73130367512593,0.6418511504879945,6.0970868653352
[04Jan2025 01:31:51.508] [Server thread/WARN] [net.minecraft.server.network.ServerGamePacketListenerImpl/]: entity.evilcraft.broom (vehicle of JUAN_D) moved too quickly! 32.73130367512593,0.6418511504879945,6.0970868653352
[04Jan2025 01:31:51.508] [Server thread/WARN] [net.minecraft.server.network.ServerGamePacketListenerImpl/]: entity.evilcraft.broom (vehicle of JUAN_D) moved too quickly! 32.73130367512593,0.6418511504879945,6.0970868653352
[04Jan2025 01:31:51.509] [Server thread/WARN] [net.minecraft.server.network.ServerGamePacketListenerImpl/]: entity.evilcraft.broom (vehicle of JUAN_D) moved too quickly! 32.244753369769,0.5005759382469961,6.287451566784625
[04Jan2025 01:31:51.509] [Server thread/WARN] [net.minecraft.server.network.ServerGamePacketListenerImpl/]: entity.evilcraft.broom (vehicle of JUAN_D) moved too quickly! 8.335216266679481,-0.18902547492579913,6.611497216773046
[04Jan2025 01:31:51.509] [Server thread/WARN] [net.minecraft.server.network.ServerGamePacketListenerImpl/]: entity.evilcraft.broom (vehicle of JUAN_D) moved too quickly! 8.335216266679481,-0.18902547492579913,6.611497216773046
[04Jan2025 01:31:51.509] [Server thread/WARN] [net.minecraft.server.network.ServerGamePacketListenerImpl/]: entity.evilcraft.broom (vehicle of JUAN_D) moved too quickly! 8.335216266679481,-0.18902547492579913,6.611497216773046
[04Jan2025 01:31:51.509] [Server thread/WARN] [net.minecraft.server.network.ServerGamePacketListenerImpl/]: entity.evilcraft.broom (vehicle of JUAN_D) moved too quickly! 8.335216266679481,-0.18902547492579913,6.611497216773046
[04Jan2025 01:31:51.509] [Server thread/WARN] [net.minecraft.server.network.ServerGamePacketListenerImpl/]: entity.evilcraft.broom (vehicle of JUAN_D) moved too quickly! 8.335216266679481,-0.18902547492579913,6.611497216773046
[04Jan2025 01:31:51.509] [Server thread/WARN] [net.minecraft.server.network.ServerGamePacketListenerImpl/]: entity.evilcraft.broom (vehicle of JUAN_D) moved too quickly! 8.335216266679481,-0.18902547492579913,6.611497216773046
[04Jan2025 01:31:51.509] [Server thread/WARN] [net.minecraft.server.network.ServerGamePacketListenerImpl/]: entity.evilcraft.broom (vehicle of JUAN_D) moved too quickly! 8.335216266679481,-0.18902547492579913,6.611497216773046
[04Jan2025 01:31:51.509] [Server thread/WARN] [net.minecraft.server.network.ServerGamePacketListenerImpl/]: entity.evilcraft.broom (vehicle of JUAN_D) moved too quickly! 8.335216266679481,-0.18902547492579913,6.611497216773046
[04Jan2025 01:31:51.509] [Server thread/WARN] [net.minecraft.server.network.ServerGamePacketListenerImpl/]: entity.evilcraft.broom (vehicle of JUAN_D) moved too quickly! 8.335216266679481,-0.18902547492579913,6.611497216773046
[04Jan2025 01:31:51.509] [Server thread/WARN] [net.minecraft.server.network.ServerGamePacketListenerImpl/]: entity.evilcraft.broom (vehicle of JUAN_D) moved too quickly! 8.335216266679481,-0.18902547492579913,6.611497216773046
[04Jan2025 01:31:51.510] [Server thread/WARN] [net.minecraft.server.network.ServerGamePacketListenerImpl/]: entity.evilcraft.broom (vehicle of JUAN_D) moved too quickly! 8.335216266679481,-0.18902547492579913,6.611497216773046
[04Jan2025 01:31:51.510] [Server thread/WARN] [net.minecraft.server.network.ServerGamePacketListenerImpl/]: entity.evilcraft.broom (vehicle of JUAN_D) moved too quickly! 8.335216266679481,-0.18902547492579913,6.611497216773046
[04Jan2025 01:31:51.510] [Server thread/WARN] [net.minecraft.server.network.ServerGamePacketListenerImpl/]: entity.evilcraft.broom (vehicle of JUAN_D) moved too quickly! 8.335216266679481,-0.18902547492579913,6.611497216773046
[04Jan2025 01:31:51.510] [Server thread/WARN] [net.minecraft.server.network.ServerGamePacketListenerImpl/]: entity.evilcraft.broom (vehicle of JUAN_D) moved too quickly! 8.335216266679481,-0.18902547492579913,6.611497216773046
[04Jan2025 01:31:51.510] [Server thread/WARN] [net.minecraft.server.network.ServerGamePacketListenerImpl/]: entity.evilcraft.broom (vehicle of JUAN_D) moved too quickly! 8.335216266679481,-0.18902547492579913,6.611497216773046
[04Jan2025 01:31:51.510] [Server thread/WARN] [net.minecraft.server.network.ServerGamePacketListenerImpl/]: entity.evilcraft.broom (vehicle of JUAN_D) moved too quickly! 8.335216266679481,-0.18902547492579913,6.611497216773046
[04Jan2025 01:31:51.510] [Server thread/WARN] [net.minecraft.server.network.ServerGamePacketListenerImpl/]: entity.evilcraft.broom (vehicle of JUAN_D) moved too quickly! 8.335216266679481,-0.18902547492579913,6.611497216773046
[04Jan2025 01:31:51.510] [Server thread/WARN] [net.minecraft.server.network.ServerGamePacketListenerImpl/]: entity.evilcraft.broom (vehicle of JUAN_D) moved too quickly! 8.335216266679481,-0.18902547492579913,6.611497216773046
[04Jan2025 01:31:51.510] [Server thread/WARN] [net.minecraft.server.network.ServerGamePacketListenerImpl/]: entity.evilcraft.broom (vehicle of JUAN_D) moved too quickly! 8.335216266679481,-0.18902547492579913,6.611497216773046
[04Jan2025 01:31:51.510] [Server thread/WARN] [net.minecraft.server.network.ServerGamePacketListenerImpl/]: entity.evilcraft.broom (vehicle of JUAN_D) moved too quickly! 8.335216266679481,-0.18902547492579913,6.611497216773046
[04Jan2025 01:31:51.511] [Server thread/WARN] [net.minecraft.server.network.ServerGamePacketListenerImpl/]: entity.evilcraft.broom (vehicle of JUAN_D) moved too quickly! 8.335216266679481,-0.18902547492579913,6.611497216773046
[04Jan2025 01:31:51.511] [Server thread/WARN] [net.minecraft.server.network.ServerGamePacketListenerImpl/]: entity.evilcraft.broom (vehicle of JUAN_D) moved too quickly! 7.82036679494891,-0.20060226315065677,6.822406876580203
[04Jan2025 01:31:51.511] [Server thread/WARN] [net.minecraft.server.network.ServerGamePacketListenerImpl/]: entity.evilcraft.broom (vehicle of JUAN_D) moved too quickly! 7.303389213998599,-0.19515916584389004,7.036990396511328
[04Jan2025 01:31:51.526] [Server thread/WARN] [net.minecraft.server.network.ServerGamePacketListenerImpl/]: entity.evilcraft.broom (vehicle of JUAN_D) moved too quickly! 7.925405343609867,-0.20328781643986815,6.569636814949149
[04Jan2025 01:31:51.634] [Server thread/WARN] [net.minecraft.server.network.ServerGamePacketListenerImpl/]: entity.evilcraft.broom (vehicle of JUAN_D) moved too quickly! 7.615404493235729,-0.22668183755538962,6.762885588398831
[04Jan2025 01:37:21.395] [Server thread/INFO] [net.minecraft.server.MinecraftServer/]: JUAN_D was shot by xentros10000
[04Jan2025 01:37:21.402] [Server thread/INFO] [tombstone/]: The player JUAN_D has successfully been saved
[04Jan2025 01:38:47.092] [Server thread/INFO] [net.minecraft.server.network.ServerGamePacketListenerImpl/]: xentros10000 lost connection: Disconnected
[04Jan2025 01:38:47.092] [Server thread/INFO] [net.minecraft.server.MinecraftServer/]: xentros10000 left the game
[04Jan2025 01:40:19.844] [Server thread/INFO] [net.minecraft.server.network.ServerGamePacketListenerImpl/]: JUAN_D lost connection: Disconnected
[04Jan2025 01:40:19.845] [Server thread/INFO] [net.minecraft.server.MinecraftServer/]: JUAN_D left the game
[04Jan2025 01:40:28.584] [Server thread/INFO] [net.minecraft.server.MinecraftServer/]: Stopping the server
[04Jan2025 01:40:28.636] [Server thread/INFO] [net.minecraft.server.MinecraftServer/]: Stopping server
[04Jan2025 01:40:28.637] [Server thread/INFO] [net.minecraft.server.MinecraftServer/]: Saving players
[04Jan2025 01:40:28.638] [Server thread/INFO] [net.minecraft.server.MinecraftServer/]: Saving worlds
[04Jan2025 01:40:28.882] [Server thread/INFO] [net.minecraft.server.MinecraftServer/]: Saving chunks for level 'ServerLevel[world]'/minecraft:overworld
[04Jan2025 01:40:28.953] [Server thread/INFO] [net.minecraft.server.MinecraftServer/]: Saving chunks for level 'ServerLevel[world]'/minecraft:the_end
[04Jan2025 01:40:28.955] [Server thread/INFO] [net.minecraft.server.MinecraftServer/]: Saving chunks for level 'ServerLevel[world]'/tht:dimension
[04Jan2025 01:40:29.455] [Server thread/INFO] [net.minecraft.server.MinecraftServer/]: Saving chunks for level 'ServerLevel[world]'/minecraft:the_nether
[04Jan2025 01:40:29.516] [Server thread/INFO] [net.minecraft.server.MinecraftServer/]: ThreadedAnvilChunkStorage (world): All chunks are saved
[04Jan2025 01:40:29.516] [Server thread/INFO] [net.minecraft.server.MinecraftServer/]: ThreadedAnvilChunkStorage (DIM1): All chunks are saved
[04Jan2025 01:40:29.516] [Server thread/INFO] [net.minecraft.server.MinecraftServer/]: ThreadedAnvilChunkStorage (dimension): All chunks are saved
[04Jan2025 01:40:29.517] [Server thread/INFO] [net.minecraft.server.MinecraftServer/]: ThreadedAnvilChunkStorage (DIM-1): All chunks are saved
[04Jan2025 01:40:29.517] [Server thread/INFO] [net.minecraft.server.MinecraftServer/]: ThreadedAnvilChunkStorage: All dimensions are saved
